==11210== Memcheck, a memory error detector
==11210== Copyright (C) 2002-2015, and GNU GPL'd, by Julian Seward et al.
==11210== Using Valgrind-3.11.0 and LibVEX; rerun with -h for copyright info
==11210== Command: ./adm
==11210== Parent PID: 7617
==11210== 
--11210-- 
--11210-- Valgrind options:
--11210--    -v
--11210--    --tool=memcheck
--11210--    --leak-check=full
--11210--    --num-callers=40
--11210--    --log-file=valgrind.log
--11210-- Contents of /proc/version:
--11210--   Linux version 4.13.0-45-generic (buildd@lgw01-amd64-011) (gcc version 5.4.0 20160609 (Ubuntu 5.4.0-6ubuntu1~16.04.9)) #50~16.04.1-Ubuntu SMP Wed May 30 11:18:27 UTC 2018
--11210-- 
--11210-- Arch and hwcaps: AMD64, LittleEndian, amd64-cx16-rdtscp-sse3-avx
--11210-- Page sizes: currently 4096, max supported 4096
--11210-- Valgrind library directory: /usr/lib/valgrind
--11210-- Reading syms from /home/vinicius/Documentos/UFMG/2018-1/AEDS/TP/adm
--11210-- Reading syms from /lib/x86_64-linux-gnu/ld-2.23.so
--11210--   Considering /lib/x86_64-linux-gnu/ld-2.23.so ..
--11210--   .. CRC mismatch (computed aa979a42 wanted 9019bbb7)
--11210--   Considering /usr/lib/debug/lib/x86_64-linux-gnu/ld-2.23.so ..
--11210--   .. CRC is valid
--11210-- Reading syms from /usr/lib/valgrind/memcheck-amd64-linux
--11210--   Considering /usr/lib/valgrind/memcheck-amd64-linux ..
--11210--   .. CRC mismatch (computed eea41ea9 wanted 2009db78)
--11210--    object doesn't have a symbol table
--11210--    object doesn't have a dynamic symbol table
--11210-- Scheduler: using generic scheduler lock implementation.
--11210-- Reading suppressions file: /usr/lib/valgrind/default.supp
==11210== embedded gdbserver: reading from /tmp/vgdb-pipe-from-vgdb-to-11210-by-vinicius-on-???
==11210== embedded gdbserver: writing to   /tmp/vgdb-pipe-to-vgdb-from-11210-by-vinicius-on-???
==11210== embedded gdbserver: shared mem   /tmp/vgdb-pipe-shared-mem-vgdb-11210-by-vinicius-on-???
==11210== 
==11210== TO CONTROL THIS PROCESS USING vgdb (which you probably
==11210== don't want to do, unless you know exactly what you're doing,
==11210== or are doing some strange experiment):
==11210==   /usr/lib/valgrind/../../bin/vgdb --pid=11210 ...command...
==11210== 
==11210== TO DEBUG THIS PROCESS USING GDB: start GDB like this
==11210==   /path/to/gdb ./adm
==11210== and then give GDB the following command
==11210==   target remote | /usr/lib/valgrind/../../bin/vgdb --pid=11210
==11210== --pid is optional if only one valgrind process is running
==11210== 
--11210-- REDIR: 0x401cfd0 (ld-linux-x86-64.so.2:strlen) redirected to 0x3809e181 (???)
--11210-- Reading syms from /usr/lib/valgrind/vgpreload_core-amd64-linux.so
--11210--   Considering /usr/lib/valgrind/vgpreload_core-amd64-linux.so ..
--11210--   .. CRC mismatch (computed 2567ccf6 wanted 49420590)
--11210--    object doesn't have a symbol table
--11210-- Reading syms from /usr/lib/valgrind/vgpreload_memcheck-amd64-linux.so
--11210--   Considering /usr/lib/valgrind/vgpreload_memcheck-amd64-linux.so ..
--11210--   .. CRC mismatch (computed 0e27c9a8 wanted ac585421)
--11210--    object doesn't have a symbol table
==11210== WARNING: new redirection conflicts with existing -- ignoring it
--11210--     old: 0x0401cfd0 (strlen              ) R-> (0000.0) 0x3809e181 ???
--11210--     new: 0x0401cfd0 (strlen              ) R-> (2007.0) 0x04c31020 strlen
--11210-- REDIR: 0x401b920 (ld-linux-x86-64.so.2:index) redirected to 0x4c30bc0 (index)
--11210-- REDIR: 0x401bb40 (ld-linux-x86-64.so.2:strcmp) redirected to 0x4c320d0 (strcmp)
--11210-- REDIR: 0x401dd30 (ld-linux-x86-64.so.2:mempcpy) redirected to 0x4c35270 (mempcpy)
--11210-- Reading syms from /lib/x86_64-linux-gnu/libc-2.23.so
--11210--   Considering /lib/x86_64-linux-gnu/libc-2.23.so ..
--11210--   .. CRC mismatch (computed 7a8ee3e4 wanted a5190ac4)
--11210--   Considering /usr/lib/debug/lib/x86_64-linux-gnu/libc-2.23.so ..
--11210--   .. CRC is valid
--11210-- REDIR: 0x4ec9a00 (libc.so.6:strcasecmp) redirected to 0x4a286f0 (_vgnU_ifunc_wrapper)
--11210-- REDIR: 0x4ec5280 (libc.so.6:strcspn) redirected to 0x4a286f0 (_vgnU_ifunc_wrapper)
--11210-- REDIR: 0x4ecbcf0 (libc.so.6:strncasecmp) redirected to 0x4a286f0 (_vgnU_ifunc_wrapper)
--11210-- REDIR: 0x4ec76f0 (libc.so.6:strpbrk) redirected to 0x4a286f0 (_vgnU_ifunc_wrapper)
--11210-- REDIR: 0x4ec7a80 (libc.so.6:strspn) redirected to 0x4a286f0 (_vgnU_ifunc_wrapper)
--11210-- REDIR: 0x4ec914b (libc.so.6:memcpy@GLIBC_2.2.5) redirected to 0x4a286f0 (_vgnU_ifunc_wrapper)
--11210-- REDIR: 0x4ec7400 (libc.so.6:rindex) redirected to 0x4c308a0 (rindex)
--11210-- REDIR: 0x4ebe130 (libc.so.6:malloc) redirected to 0x4c2db20 (malloc)
--11210-- REDIR: 0x4ec8060 (libc.so.6:__GI_strstr) redirected to 0x4c354d0 (__strstr_sse2)
--11210-- REDIR: 0x4ec5720 (libc.so.6:strlen) redirected to 0x4c30f60 (strlen)
--11210-- REDIR: 0x4ebe6c0 (libc.so.6:realloc) redirected to 0x4c2fce0 (realloc)
--11210-- REDIR: 0x4ebed10 (libc.so.6:calloc) redirected to 0x4c2faa0 (calloc)
==11210== Invalid write of size 8
==11210==    at 0x40085A: readScpecialtie (in /home/vinicius/Documentos/UFMG/2018-1/AEDS/TP/adm)
==11210==    by 0x400A09: main (in /home/vinicius/Documentos/UFMG/2018-1/AEDS/TP/adm)
==11210==  Address 0x52046f0 is 0 bytes after a block of size 0 alloc'd
==11210==    at 0x4C2DB8F: malloc (in /usr/lib/valgrind/vgpreload_memcheck-amd64-linux.so)
==11210==    by 0x4C2FDEF: realloc (in /usr/lib/valgrind/vgpreload_memcheck-amd64-linux.so)
==11210==    by 0x40082E: readScpecialtie (in /home/vinicius/Documentos/UFMG/2018-1/AEDS/TP/adm)
==11210==    by 0x400A09: main (in /home/vinicius/Documentos/UFMG/2018-1/AEDS/TP/adm)
==11210== 
==11210== Conditional jump or move depends on uninitialised value(s)
==11210==    at 0x4E9B88A: _IO_vfscanf (vfscanf.c:1025)
==11210==    by 0x4EA58E8: __isoc99_fscanf (isoc99_fscanf.c:34)
==11210==    by 0x400876: readScpecialtie (in /home/vinicius/Documentos/UFMG/2018-1/AEDS/TP/adm)
==11210==    by 0x400A09: main (in /home/vinicius/Documentos/UFMG/2018-1/AEDS/TP/adm)
==11210== 
==11210== Conditional jump or move depends on uninitialised value(s)
==11210==    at 0x4E9B88A: _IO_vfscanf (vfscanf.c:1025)
==11210==    by 0x4EA58E8: __isoc99_fscanf (isoc99_fscanf.c:34)
==11210==    by 0x400890: readScpecialtie (in /home/vinicius/Documentos/UFMG/2018-1/AEDS/TP/adm)
==11210==    by 0x400A09: main (in /home/vinicius/Documentos/UFMG/2018-1/AEDS/TP/adm)
==11210== 
==11210== Use of uninitialised value of size 8
==11210==    at 0x4E97695: _IO_vfscanf (vfscanf.c:1107)
==11210==    by 0x4EA58E8: __isoc99_fscanf (isoc99_fscanf.c:34)
==11210==    by 0x400890: readScpecialtie (in /home/vinicius/Documentos/UFMG/2018-1/AEDS/TP/adm)
==11210==    by 0x400A09: main (in /home/vinicius/Documentos/UFMG/2018-1/AEDS/TP/adm)
==11210== 
==11210== 
==11210== Process terminating with default action of signal 11 (SIGSEGV)
==11210==  Bad permissions for mapped region at address 0x4EA7D34
==11210==    at 0x4E97695: _IO_vfscanf (vfscanf.c:1107)
==11210==    by 0x4EA58E8: __isoc99_fscanf (isoc99_fscanf.c:34)
==11210==    by 0x400890: readScpecialtie (in /home/vinicius/Documentos/UFMG/2018-1/AEDS/TP/adm)
==11210==    by 0x400A09: main (in /home/vinicius/Documentos/UFMG/2018-1/AEDS/TP/adm)
--11210-- REDIR: 0x4ebe4f0 (libc.so.6:free) redirected to 0x4c2ed80 (free)
==11210== 
==11210== HEAP SUMMARY:
==11210==     in use at exit: 568 bytes in 3 blocks
==11210==   total heap usage: 5 allocs, 2 frees, 5,688 bytes allocated
==11210== 
==11210== Searching for pointers to 3 not-freed blocks
==11210== Checked 63,160 bytes
==11210== 
==11210== 16 bytes in 1 blocks are definitely lost in loss record 2 of 3
==11210==    at 0x4C2FB55: calloc (in /usr/lib/valgrind/vgpreload_memcheck-amd64-linux.so)
==11210==    by 0x400859: readScpecialtie (in /home/vinicius/Documentos/UFMG/2018-1/AEDS/TP/adm)
==11210==    by 0x400A09: main (in /home/vinicius/Documentos/UFMG/2018-1/AEDS/TP/adm)
==11210== 
==11210== LEAK SUMMARY:
==11210==    definitely lost: 16 bytes in 1 blocks
==11210==    indirectly lost: 0 bytes in 0 blocks
==11210==      possibly lost: 0 bytes in 0 blocks
==11210==    still reachable: 552 bytes in 2 blocks
==11210==         suppressed: 0 bytes in 0 blocks
==11210== Reachable blocks (those to which a pointer was found) are not shown.
==11210== To see them, rerun with: --leak-check=full --show-leak-kinds=all
==11210== 
==11210== Use --track-origins=yes to see where uninitialised values come from
==11210== ERROR SUMMARY: 5 errors from 5 contexts (suppressed: 0 from 0)
==11210== 
==11210== 1 errors in context 1 of 5:
==11210== Use of uninitialised value of size 8
==11210==    at 0x4E97695: _IO_vfscanf (vfscanf.c:1107)
==11210==    by 0x4EA58E8: __isoc99_fscanf (isoc99_fscanf.c:34)
==11210==    by 0x400890: readScpecialtie (in /home/vinicius/Documentos/UFMG/2018-1/AEDS/TP/adm)
==11210==    by 0x400A09: main (in /home/vinicius/Documentos/UFMG/2018-1/AEDS/TP/adm)
==11210== 
==11210== 
==11210== 1 errors in context 2 of 5:
==11210== Conditional jump or move depends on uninitialised value(s)
==11210==    at 0x4E9B88A: _IO_vfscanf (vfscanf.c:1025)
==11210==    by 0x4EA58E8: __isoc99_fscanf (isoc99_fscanf.c:34)
==11210==    by 0x400890: readScpecialtie (in /home/vinicius/Documentos/UFMG/2018-1/AEDS/TP/adm)
==11210==    by 0x400A09: main (in /home/vinicius/Documentos/UFMG/2018-1/AEDS/TP/adm)
==11210== 
==11210== 
==11210== 1 errors in context 3 of 5:
==11210== Conditional jump or move depends on uninitialised value(s)
==11210==    at 0x4E9B88A: _IO_vfscanf (vfscanf.c:1025)
==11210==    by 0x4EA58E8: __isoc99_fscanf (isoc99_fscanf.c:34)
==11210==    by 0x400876: readScpecialtie (in /home/vinicius/Documentos/UFMG/2018-1/AEDS/TP/adm)
==11210==    by 0x400A09: main (in /home/vinicius/Documentos/UFMG/2018-1/AEDS/TP/adm)
==11210== 
==11210== 
==11210== 1 errors in context 4 of 5:
==11210== Invalid write of size 8
==11210==    at 0x40085A: readScpecialtie (in /home/vinicius/Documentos/UFMG/2018-1/AEDS/TP/adm)
==11210==    by 0x400A09: main (in /home/vinicius/Documentos/UFMG/2018-1/AEDS/TP/adm)
==11210==  Address 0x52046f0 is 0 bytes after a block of size 0 alloc'd
==11210==    at 0x4C2DB8F: malloc (in /usr/lib/valgrind/vgpreload_memcheck-amd64-linux.so)
==11210==    by 0x4C2FDEF: realloc (in /usr/lib/valgrind/vgpreload_memcheck-amd64-linux.so)
==11210==    by 0x40082E: readScpecialtie (in /home/vinicius/Documentos/UFMG/2018-1/AEDS/TP/adm)
==11210==    by 0x400A09: main (in /home/vinicius/Documentos/UFMG/2018-1/AEDS/TP/adm)
==11210== 
==11210== ERROR SUMMARY: 5 errors from 5 contexts (suppressed: 0 from 0)
